> Task :compileJava UP-TO-DATE
> Task :processResources UP-TO-DATE
> Task :classes UP-TO-DATE
> Task :resolveMainClassName UP-TO-DATE

> Task :bootRun

  .   ____          _            __ _ _
 /\\ / ___'_ __ _ _(_)_ __  __ _ \ \ \ \
( ( )\___ | '_ | '_| | '_ \/ _` | \ \ \ \
 \\/  ___)| |_)| | | | | || (_| |  ) ) ) )
  '  |____| .__|_| |_|_| |_\__, | / / / /
 =========|_|==============|___/=/_/_/_/

 :: Spring Boot ::                (v4.0.6)

2026-05-12T01:59:34.273+05:00  INFO 66227 --- [chat] [  restartedMain] com.example.chat.ChatApplication         : Starting ChatApplication using Java 26.0.1 with PID 66227 (/home/arch/Documents/github/chatting-me/backend/chat/build/classes/java/main started by arch in /home/arch/Documents/github/chatting-me/backend/chat)
2026-05-12T01:59:34.275+05:00  INFO 66227 --- [chat] [  restartedMain] com.example.chat.ChatApplication         : No active profile set, falling back to 1 default profile: "default"
2026-05-12T01:59:34.312+05:00  INFO 66227 --- [chat] [  restartedMain] .e.DevToolsPropertyDefaultsPostProcessor : Devtools property defaults active! Set 'spring.devtools.add-properties' to 'false' to disable
2026-05-12T01:59:34.312+05:00  INFO 66227 --- [chat] [  restartedMain] .e.DevToolsPropertyDefaultsPostProcessor : For additional web related logging consider setting the 'logging.level.web' property to 'DEBUG'
2026-05-12T01:59:34.645+05:00  INFO 66227 --- [chat] [  restartedMain] .s.d.r.c.RepositoryConfigurationDelegate : Bootstrapping Spring Data JDBC repositories in DEFAULT mode.
2026-05-12T01:59:34.656+05:00  INFO 66227 --- [chat] [  restartedMain] .s.d.r.c.RepositoryConfigurationDelegate : Finished Spring Data repository scanning in 6 ms. Found 0 JDBC repository interfaces.
2026-05-12T01:59:34.907+05:00  INFO 66227 --- [chat] [  restartedMain] o.s.boot.tomcat.TomcatWebServer          : Tomcat initialized with port 8070 (http)
2026-05-12T01:59:34.916+05:00  INFO 66227 --- [chat] [  restartedMain] o.apache.catalina.core.StandardService   : Starting service [Tomcat]
2026-05-12T01:59:34.916+05:00  INFO 66227 --- [chat] [  restartedMain] o.apache.catalina.core.StandardEngine    : Starting Servlet engine: [Apache Tomcat/11.0.21]
2026-05-12T01:59:34.933+05:00  INFO 66227 --- [chat] [  restartedMain] b.w.c.s.WebApplicationContextInitializer : Root WebApplicationContext: initialization completed in 621 ms
2026-05-12T01:59:35.130+05:00  WARN 66227 --- [chat] [  restartedMain] ConfigServletWebServerApplicationContext : Exception encountered during context initialization - cancelling refresh attempt: org.springframework.beans.factory.BeanCreationException: Error creating bean with name 'dataSource' defined in class path resource [org/springframework/boot/jdbc/autoconfigure/DataSourceConfiguration$Hikari.class]: Failed to instantiate [com.zaxxer.hikari.HikariDataSource]: Factory method 'dataSource' threw exception with message: Failed to determine a suitable driver class
2026-05-12T01:59:35.133+05:00  INFO 66227 --- [chat] [  restartedMain] o.apache.catalina.core.StandardService   : Stopping service [Tomcat]
2026-05-12T01:59:35.141+05:00  INFO 66227 --- [chat] [  restartedMain] .s.b.a.l.ConditionEvaluationReportLogger : 

Error starting ApplicationContext. To display the condition evaluation report re-run your application with 'debug' enabled.
2026-05-12T01:59:35.148+05:00 ERROR 66227 --- [chat] [  restartedMain] o.s.b.d.LoggingFailureAnalysisReporter   : 

***************************
APPLICATION FAILED TO START
***************************

Description:

Failed to configure a DataSource: 'url' attribute is not specified and no embedded datasource could be configured.

Reason: Failed to determine a suitable driver class


Action:

Consider the following:
	If you want an embedded database (H2, HSQL or Derby), please put it on the classpath.
	If you have database settings to be loaded from a particular profile you may need to activate it (no profiles are currently active).


BUILD SUCCESSFUL in 2s
4 actionable tasks: 1 executed, 3 up-to-date
Consider enabling configuration cache to speed up this build: https://docs.gradle.org/9.4.1/userguide/configuration_cache_enabling.html
